app/build/intermediates/manifest_merge_blame_file/debug/manifest-merger-blame-debug-report.txt
1<?xml version="1.0" encoding="utf-8"?>
2<manifest xmlns:android="http://schemas.android.com/apk/res/android"
3    package="dettorre.rodolfo.convertidor"
4    android:versionCode="1"
5    android:versionName="1.0" >
6
7    <uses-sdk
8        android:minSdkVersion="22"
8-->src\main\AndroidManifest.xml
9        android:targetSdkVersion="32" />
9-->src\main\AndroidManifest.xml
10
11    <application
11-->src\main\AndroidManifest.xml:6:5-17:19
12        android:appComponentFactory="androidx.core.app.CoreComponentFactory"
12-->[androidx.core:core:1.8.0] AndroidManifest.xml:24:18-86
13        android:debuggable="true"
14        android:icon="@drawable/icon"
14-->src\main\AndroidManifest.xml:6:18-47
15        android:label="@string/app_name"
15-->src\main\AndroidManifest.xml:6:48-80
16        android:testOnly="true"
17        android:theme="@style/Theme.AppCompat.Light" >
17-->src\main\AndroidManifest.xml:6:81-125
18        <activity
18-->src\main\AndroidManifest.xml:7:9-15:20
19            android:name="dettorre.rodolfo.convertidor.ConvertidorActivity"
19-->src\main\AndroidManifest.xml:7:19-54
20            android:exported="true"
20-->src\main\AndroidManifest.xml:10:19-42
21            android:label="@string/app_name"
21-->src\main\AndroidManifest.xml:8:19-51
22            android:screenOrientation="fullSensor" >
22-->src\main\AndroidManifest.xml:9:19-57
23            <intent-filter>
23-->src\main\AndroidManifest.xml:11:13-14:29
24                <action android:name="android.intent.action.MAIN" />
24-->src\main\AndroidManifest.xml:12:17-69
24-->src\main\AndroidManifest.xml:12:25-66
25
26                <category android:name="android.intent.category.LAUNCHER" />
26-->src\main\AndroidManifest.xml:13:17-77
26-->src\main\AndroidManifest.xml:13:27-74
27            </intent-filter>
28        </activity>
29
30        <provider
30-->[androidx.emoji2:emoji2:1.2.0] AndroidManifest.xml:24:9-32:20
31            android:name="androidx.startup.InitializationProvider"
31-->[androidx.emoji2:emoji2:1.2.0] AndroidManifest.xml:25:13-67
32            android:authorities="dettorre.rodolfo.convertidor.androidx-startup"
32-->[androidx.emoji2:emoji2:1.2.0] AndroidManifest.xml:26:13-68
33            android:exported="false" >
33-->[androidx.emoji2:emoji2:1.2.0] AndroidManifest.xml:27:13-37
34            <meta-data
34-->[androidx.emoji2:emoji2:1.2.0] AndroidManifest.xml:29:13-31:52
35                android:name="androidx.emoji2.text.EmojiCompatInitializer"
35-->[androidx.emoji2:emoji2:1.2.0] AndroidManifest.xml:30:17-75
36                android:value="androidx.startup" />
36-->[androidx.emoji2:emoji2:1.2.0] AndroidManifest.xml:31:17-49
37            <meta-data
37-->[androidx.lifecycle:lifecycle-process:2.4.1] AndroidManifest.xml:31:13-33:52
38                android:name="androidx.lifecycle.ProcessLifecycleInitializer"
38-->[androidx.lifecycle:lifecycle-process:2.4.1] AndroidManifest.xml:32:17-78
39                android:value="androidx.startup" />
39-->[androidx.lifecycle:lifecycle-process:2.4.1] AndroidManifest.xml:33:17-49
40        </provider>
41    </application>
42
43</manifest>